<?xml version="1.0" encoding="UTF-8"?>
<!-- Generated by org.testng.reporters.JUnitReportReporter -->
<testsuite skipped="0" hostname="SELENIUM" name="com.durgasoft.selenium.testng.programs.BrokenLinks" tests="1" failures="0" timestamp="29 Nov 2018 07:45:51 GMT" time="9.279" errors="0">
  <testcase name="brokenLink" time="9.279" classname="com.durgasoft.selenium.testng.programs.BrokenLinks"/>
</testsuite> <!-- com.durgasoft.selenium.testng.programs.BrokenLinks -->
