<?xml version="1.0" encoding="UTF-8"?>
<!-- Generated by org.testng.reporters.JUnitReportReporter -->
<testsuite skipped="0" hostname="SELENIUM" name="com.durgasoft.selenium.testng.hybrid.TC001_HMS_Login_Logout" tests="1" failures="0" timestamp="16 Oct 2018 07:10:34 GMT" time="7.343" errors="0">
  <testcase name="hmsLogin_Logout" time="7.343" classname="com.durgasoft.selenium.testng.hybrid.TC001_HMS_Login_Logout"/>
</testsuite> <!-- com.durgasoft.selenium.testng.hybrid.TC001_HMS_Login_Logout -->
