<?xml version="1.0" encoding="UTF-8"?>
<!-- Generated by org.testng.reporters.JUnitReportReporter -->
<testsuite skipped="0" hostname="SELENIUM" name="com.durgasoft.selenium.testng.iostreams.ReadExcelDataDriverClass" tests="1" failures="0" timestamp="16 Nov 2018 06:47:02 GMT" time="3.541" errors="0">
  <testcase name="f" time="3.541" classname="com.durgasoft.selenium.testng.iostreams.ReadExcelDataDriverClass"/>
</testsuite> <!-- com.durgasoft.selenium.testng.iostreams.ReadExcelDataDriverClass -->
