<?xml version="1.0" encoding="UTF-8"?>
<!-- Generated by org.testng.reporters.JUnitReportReporter -->
<testsuite skipped="0" hostname="SELENIUM" name="com.durgasoft.selenium.testng.programs.clickLinks_PortionPlace_Bing" tests="1" failures="0" timestamp="23 Oct 2018 06:56:34 GMT" time="0.695" errors="0">
  <testcase name="linksBing" time="0.695" classname="com.durgasoft.selenium.testng.programs.clickLinks_PortionPlace_Bing"/>
</testsuite> <!-- com.durgasoft.selenium.testng.programs.clickLinks_PortionPlace_Bing -->
