<?xml version="1.0" encoding="UTF-8"?>
<!-- Generated by org.testng.reporters.JUnitReportReporter -->
<testsuite skipped="0" hostname="SELENIUM" name="com.durgasoft.selenium.testng.programs.PrintAllRadioBTProperties" tests="1" failures="0" timestamp="31 Oct 2018 06:44:44 GMT" time="60.160" errors="0">
  <testcase name="f" time="60.160" classname="com.durgasoft.selenium.testng.programs.PrintAllRadioBTProperties"/>
</testsuite> <!-- com.durgasoft.selenium.testng.programs.PrintAllRadioBTProperties -->
