<?xml version="1.0" encoding="UTF-8"?>
<!-- Generated by org.testng.reporters.JUnitReportReporter -->
<testsuite skipped="0" hostname="SELENIUM" name="com.durgasoft.selenium.testng.iostreams.WriteExcelDataByIndex" tests="1" failures="0" timestamp="14 Nov 2018 06:53:19 GMT" time="1.750" errors="0">
  <testcase name="f" time="1.750" classname="com.durgasoft.selenium.testng.iostreams.WriteExcelDataByIndex"/>
</testsuite> <!-- com.durgasoft.selenium.testng.iostreams.WriteExcelDataByIndex -->
