<?xml version="1.0" encoding="UTF-8"?>
<!-- Generated by org.testng.reporters.JUnitReportReporter -->
<testsuite skipped="0" hostname="SELENIUM" name="com.durgasoft.selenium.testng.iostreams.WriteExcelDataByColumnName" tests="1" failures="0" timestamp="14 Nov 2018 07:18:21 GMT" time="1.304" errors="0">
  <testcase name="f" time="1.304" classname="com.durgasoft.selenium.testng.iostreams.WriteExcelDataByColumnName"/>
</testsuite> <!-- com.durgasoft.selenium.testng.iostreams.WriteExcelDataByColumnName -->
