<?xml version="1.0" encoding="UTF-8"?>
<!-- Generated by org.testng.reporters.JUnitReportReporter -->
<testsuite skipped="0" hostname="SELENIUM" name="com.durgasoft.selenium.testng.programs.NotificationAlerts_Firefox_UserProfile" tests="1" failures="0" timestamp="02 Nov 2018 07:23:34 GMT" time="0.014" errors="0">
  <testcase name="f" time="0.014" classname="com.durgasoft.selenium.testng.programs.NotificationAlerts_Firefox_UserProfile"/>
</testsuite> <!-- com.durgasoft.selenium.testng.programs.NotificationAlerts_Firefox_UserProfile -->
