<?xml version="1.0" encoding="UTF-8"?>
<!-- Generated by org.testng.reporters.JUnitReportReporter -->
<testsuite skipped="0" hostname="SELENIUM" name="com.durgasoft.selenium.testng.programs.NotificationAlerts_Chrome" tests="1" failures="0" timestamp="02 Nov 2018 07:01:23 GMT" time="0.013" errors="0">
  <testcase name="f" time="0.013" classname="com.durgasoft.selenium.testng.programs.NotificationAlerts_Chrome"/>
</testsuite> <!-- com.durgasoft.selenium.testng.programs.NotificationAlerts_Chrome -->
