<?xml version="1.0" encoding="UTF-8"?>
<!-- Generated by org.testng.reporters.JUnitReportReporter -->
<testsuite skipped="0" hostname="SELENIUM" name="com.durgasoft.selenium.testng.programs.DragNDrop" tests="1" failures="0" timestamp="12 Nov 2018 06:38:56 GMT" time="1.096" errors="0">
  <testcase name="f" time="1.096" classname="com.durgasoft.selenium.testng.programs.DragNDrop"/>
</testsuite> <!-- com.durgasoft.selenium.testng.programs.DragNDrop -->
