<?xml version="1.0" encoding="UTF-8"?>
<!-- Generated by org.testng.reporters.JUnitReportReporter -->
<testsuite skipped="0" hostname="SELENIUM" name="com.durgasoft.selenium.testng.programs.BBC_MoreDD" tests="1" failures="0" timestamp="30 Oct 2018 06:36:42 GMT" time="49.044" errors="0">
  <testcase name="f" time="49.044" classname="com.durgasoft.selenium.testng.programs.BBC_MoreDD"/>
</testsuite> <!-- com.durgasoft.selenium.testng.programs.BBC_MoreDD -->
