<?xml version="1.0" encoding="UTF-8"?>
<!-- Generated by org.testng.reporters.JUnitReportReporter -->
<testsuite skipped="0" hostname="SELENIUM" name="com.durgasoft.selenium.testng.programs.JqueryDropDown" tests="1" failures="0" timestamp="02 Nov 2018 07:41:07 GMT" time="0.855" errors="0">
  <testcase name="f" time="0.855" classname="com.durgasoft.selenium.testng.programs.JqueryDropDown"/>
</testsuite> <!-- com.durgasoft.selenium.testng.programs.JqueryDropDown -->
