<?xml version="1.0" encoding="UTF-8"?>
<!-- Generated by org.testng.reporters.JUnitReportReporter -->
<testsuite skipped="0" hostname="SELENIUM" name="com.durgasoft.selenium.testng.programs.Echo_CheckBox_Prop" tests="1" failures="0" timestamp="30 Oct 2018 07:19:35 GMT" time="1.638" errors="0">
  <testcase name="f" time="1.638" classname="com.durgasoft.selenium.testng.programs.Echo_CheckBox_Prop"/>
</testsuite> <!-- com.durgasoft.selenium.testng.programs.Echo_CheckBox_Prop -->
