<?xml version="1.0" encoding="UTF-8"?>
<!-- Generated by org.testng.reporters.JUnitReportReporter -->
<testsuite skipped="0" hostname="SELENIUM" name="com.durgasoft.selenium.testng.iostreams.HMS_Login_Logout_Excel_API" tests="1" failures="0" timestamp="16 Nov 2018 07:05:32 GMT" time="13.809" errors="0">
  <testcase name="hmsLogin" time="13.809" classname="com.durgasoft.selenium.testng.iostreams.HMS_Login_Logout_Excel_API"/>
</testsuite> <!-- com.durgasoft.selenium.testng.iostreams.HMS_Login_Logout_Excel_API -->
