<?xml version="1.0" encoding="UTF-8"?>
<!-- Generated by org.testng.reporters.JUnitReportReporter -->
<testsuite skipped="0" hostname="SELENIUM" name="com.durgasoft.selenium.testng.programs.PrintLinks" tests="1" failures="0" timestamp="16 Oct 2018 06:47:21 GMT" time="132.217" errors="0">
  <testcase name="visibleLinks" time="132.217" classname="com.durgasoft.selenium.testng.programs.PrintLinks"/>
</testsuite> <!-- com.durgasoft.selenium.testng.programs.PrintLinks -->
