<?xml version="1.0" encoding="UTF-8"?>
<!-- Generated by org.testng.reporters.JUnitReportReporter -->
<testsuite skipped="0" hostname="SELENIUM" name="com.durgasoft.selenium.testng.programs.ReadFromExcelFileByDataProvider" tests="5" failures="0" timestamp="20 Nov 2018 07:10:03 GMT" time="0.155" errors="0">
  <testcase name="f" time="0.027" classname="com.durgasoft.selenium.testng.programs.ReadFromExcelFileByDataProvider"/>
  <testcase name="f" time="0.057" classname="com.durgasoft.selenium.testng.programs.ReadFromExcelFileByDataProvider"/>
  <testcase name="f" time="0.025" classname="com.durgasoft.selenium.testng.programs.ReadFromExcelFileByDataProvider"/>
  <testcase name="f" time="0.022" classname="com.durgasoft.selenium.testng.programs.ReadFromExcelFileByDataProvider"/>
  <testcase name="f" time="0.024" classname="com.durgasoft.selenium.testng.programs.ReadFromExcelFileByDataProvider"/>
</testsuite> <!-- com.durgasoft.selenium.testng.programs.ReadFromExcelFileByDataProvider -->
