<?xml version="1.0" encoding="UTF-8"?>
<!-- Generated by org.testng.reporters.JUnitReportReporter -->
<testsuite skipped="0" hostname="SELENIUM" name="com.durgasoft.selenium.testng.programs.UploadFile_AutoIT" tests="1" failures="0" timestamp="02 Nov 2018 06:27:07 GMT" time="17.828" errors="0">
  <testcase name="f" time="17.828" classname="com.durgasoft.selenium.testng.programs.UploadFile_AutoIT"/>
</testsuite> <!-- com.durgasoft.selenium.testng.programs.UploadFile_AutoIT -->
