<?xml version="1.0" encoding="UTF-8"?>
<!-- Generated by org.testng.reporters.JUnitReportReporter -->
<testsuite skipped="0" hostname="SELENIUM" name="com.durgasoft.selenium.testng.iostreams.HMS_Login_Excel_API" tests="1" failures="0" timestamp="15 Nov 2018 07:26:34 GMT" time="4.399" errors="0">
  <testcase name="hmsLogin" time="4.399" classname="com.durgasoft.selenium.testng.iostreams.HMS_Login_Excel_API"/>
</testsuite> <!-- com.durgasoft.selenium.testng.iostreams.HMS_Login_Excel_API -->
