<?xml version="1.0" encoding="UTF-8"?>
<!-- Generated by org.testng.reporters.JUnitReportReporter -->
<testsuite skipped="0" hostname="SELENIUM" name="com.durgasoft.selenium.testng.programs.PythonTutorial_ExplicitWait" tests="1" failures="0" timestamp="29 Oct 2018 07:48:53 GMT" time="18.744" errors="0">
  <testcase name="f" time="18.744" classname="com.durgasoft.selenium.testng.programs.PythonTutorial_ExplicitWait"/>
</testsuite> <!-- com.durgasoft.selenium.testng.programs.PythonTutorial_ExplicitWait -->
