<?xml version="1.0" encoding="UTF-8"?>
<!-- Generated by org.testng.reporters.JUnitReportReporter -->
<testsuite skipped="0" hostname="SELENIUM" name="com.durgasoft.selenium.testng.iostreams.ReadDataFromExcelFileByColumnName" tests="1" failures="0" timestamp="13 Nov 2018 07:33:02 GMT" time="1.133" errors="0">
  <testcase name="f" time="1.133" classname="com.durgasoft.selenium.testng.iostreams.ReadDataFromExcelFileByColumnName"/>
</testsuite> <!-- com.durgasoft.selenium.testng.iostreams.ReadDataFromExcelFileByColumnName -->
