<?xml version="1.0" encoding="UTF-8"?>
<!-- Generated by org.testng.reporters.JUnitReportReporter -->
<testsuite skipped="4" hostname="SELENIUM" name="com.durgasoft.selenium.testng.programs.NormalScreenshot" tests="5" failures="0" timestamp="08 Nov 2018 06:55:43 GMT" time="12.376" errors="0">
  <testcase name="passedScreenshot" time="12.376" classname="com.durgasoft.selenium.testng.programs.NormalScreenshot"/>
  <testcase name="conditionBasedScreenshot" classname="com.durgasoft.selenium.testng.programs.NormalScreenshot">
    <skipped/>
  </testcase> <!-- conditionBasedScreenshot -->
  <testcase name="normalScreenshot" classname="com.durgasoft.selenium.testng.programs.NormalScreenshot">
    <skipped/>
  </testcase> <!-- normalScreenshot -->
  <testcase name="functionalBasedScreenshot" classname="com.durgasoft.selenium.testng.programs.NormalScreenshot">
    <skipped/>
  </testcase> <!-- functionalBasedScreenshot -->
  <testcase name="dateNtimeScreenShot" classname="com.durgasoft.selenium.testng.programs.NormalScreenshot">
    <skipped/>
  </testcase> <!-- dateNtimeScreenShot -->
</testsuite> <!-- com.durgasoft.selenium.testng.programs.NormalScreenshot -->
