<?xml version="1.0" encoding="UTF-8"?>
<!-- Generated by org.testng.reporters.JUnitReportReporter -->
<testsuite skipped="0" hostname="SELENIUM" name="com.durgasoft.selenium.testng.programs.FaceBook_DD" tests="1" failures="0" timestamp="29 Oct 2018 06:56:53 GMT" time="19.421" errors="0">
  <testcase name="f" time="19.421" classname="com.durgasoft.selenium.testng.programs.FaceBook_DD"/>
</testsuite> <!-- com.durgasoft.selenium.testng.programs.FaceBook_DD -->
