<?xml version="1.0" encoding="UTF-8"?>
<!-- Generated by org.testng.reporters.JUnitReportReporter -->
<testsuite skipped="0" hostname="SELENIUM" name="com.durgasoft.selenium.testng.programs.ResizeObject" tests="1" failures="0" timestamp="12 Nov 2018 06:53:48 GMT" time="0.407" errors="0">
  <testcase name="f" time="0.407" classname="com.durgasoft.selenium.testng.programs.ResizeObject"/>
</testsuite> <!-- com.durgasoft.selenium.testng.programs.ResizeObject -->
