<?xml version="1.0" encoding="UTF-8"?>
<!-- Generated by org.testng.reporters.JUnitReportReporter -->
<testsuite skipped="0" hostname="SELENIUM" name="com.durgasoft.selenium.testng.iostreams.WriteExcelDataByFontStyle" tests="1" failures="0" timestamp="14 Nov 2018 07:08:35 GMT" time="1.844" errors="0">
  <testcase name="f" time="1.844" classname="com.durgasoft.selenium.testng.iostreams.WriteExcelDataByFontStyle"/>
</testsuite> <!-- com.durgasoft.selenium.testng.iostreams.WriteExcelDataByFontStyle -->
