<?xml version="1.0" encoding="UTF-8"?>
<!-- Generated by org.testng.reporters.JUnitReportReporter -->
<testsuite skipped="0" hostname="SELENIUM" name="com.durgasoft.ecommerce.homapage.TC001_CustomerRegistration" tests="1" failures="0" timestamp="01 Dec 2018 07:06:22 GMT" time="4.997" errors="0">
  <testcase name="hmsPR" time="4.997" classname="com.durgasoft.ecommerce.homapage.TC001_CustomerRegistration"/>
</testsuite> <!-- com.durgasoft.ecommerce.homapage.TC001_CustomerRegistration -->
