<?xml version="1.0" encoding="UTF-8"?>
<!-- Generated by org.testng.reporters.JUnitReportReporter -->
<testsuite skipped="0" hostname="SELENIUM" name="com.durgasoft.ecommerce.homapage.TC001_CustomerRegistration" tests="2" failures="0" timestamp="28 Nov 2018 07:27:02 GMT" time="23.090" errors="0">
  <testcase name="hmsPR" time="7.444" classname="com.durgasoft.ecommerce.homapage.TC001_CustomerRegistration"/>
  <testcase name="hmsLogin" time="15.646" classname="com.durgasoft.ecommerce.homapage.TC001_CustomerRegistration"/>
</testsuite> <!-- com.durgasoft.ecommerce.homapage.TC001_CustomerRegistration -->
